// 重构日志: fbf8f713
// 重构日志: 8a0af65f
// 重构日志: 47ca986c
// 同步 ID: a433516f @ Wed Jun 17 00:44:49 UTC 2026
// 同步 ID: 06061031 @ Wed Jun 17 14:12:10 UTC 2026
// 同步 ID: 2c76ee8f @ Thu Jun 18 12:09:58 UTC 2026
// 同步 ID: 252d8933 @ Fri Jun 19 02:15:40 UTC 2026
// 同步 ID: 534f6d8a @ Sat Jun 20 06:43:10 UTC 2026
// 重构日志: b6782a94
// 同步 ID: df9729ad @ Sat Jun 20 14:38:39 UTC 2026
// 同步 ID: 25b410ff @ Sun Jun 21 10:55:48 UTC 2026
// 重构日志: 8cef8ba8
// 同步 ID: 5fbbb372 @ Tue Jun 23 01:28:21 UTC 2026
// 重构日志: 3f804dcf
// 重构日志: c0d44cee
// 重构日志: 062ee78f
// 重构日志: 23c63cab
// 重构日志: c7d203c3
// 同步 ID: 21422a5e @ Sun Jun 28 08:37:53 UTC 2026
// 同步 ID: 37206a47 @ Wed Jul  1 16:51:55 UTC 2026
// 重构日志: 7781eb43
// 重构日志: dd3ae86e
// 同步 ID: 67e73fbb @ Fri Jul  3 11:33:16 UTC 2026
// 同步 ID: 1c90c3a9 @ Sat Jul  4 08:57:23 UTC 2026
// 同步 ID: dd31456b @ Sun Jul  5 00:58:39 UTC 2026
// 同步 ID: 367f641a @ Sun Jul  5 16:20:18 UTC 2026
// 重构日志: 323419b9
// 重构日志: d1cde260
// 重构日志: 9ffff48b
// 同步 ID: 216b4336 @ Tue Jul  7 05:47:32 UTC 2026
